<?xml version="1.0" encoding="UTF-8"?>
<robot generator="Robot 3.2.2 (Python 3.8.5 on win32)" generated="20210106 15:18:29.761" rpa="false">
<suite id="s1" name="TC1" source="C:\Users\RemmelO\Desktop\My_Files\Robot Framework\documentation\PycharmProjects\MyFirstRobotAutomation\TestCases\TC1.robot">
<test id="s1-t1" name="LoginTest">
<kw name="Open Browser" library="SeleniumLibrary">
<doc>Opens a new browser instance to the optional ``url``.</doc>
<arguments>
<arg>${url}</arg>
<arg>${browser}</arg>
</arguments>
<msg timestamp="20210106 15:18:31.626" level="INFO">Opening browser 'chrome' to base url 'https://demo.nopcommerce.com/'.</msg>
<status status="PASS" starttime="20210106 15:18:31.625" endtime="20210106 15:19:27.868"></status>
</kw>
<kw name="LoginApplication" library="Login">
<kw name="Maximize Browser Window" library="SeleniumLibrary">
<doc>Maximizes current browser window.</doc>
<status status="PASS" starttime="20210106 15:19:27.869" endtime="20210106 15:19:28.766"></status>
</kw>
<kw name="Wait Until Element Is Visible" library="SeleniumLibrary">
<doc>Waits until the element ``locator`` is visible.</doc>
<arguments>
<arg>${login_button}</arg>
</arguments>
<status status="PASS" starttime="20210106 15:19:28.766" endtime="20210106 15:19:28.957"></status>
</kw>
<kw name="Click Link" library="SeleniumLibrary">
<doc>Clicks a link identified by ``locator``.</doc>
<arguments>
<arg>${login_button}</arg>
</arguments>
<msg timestamp="20210106 15:19:28.957" level="INFO">Clicking link '//a[@class='ico-login']'.</msg>
<status status="PASS" starttime="20210106 15:19:28.957" endtime="20210106 15:19:30.477"></status>
</kw>
<kw name="Wait Until Element Is Visible" library="SeleniumLibrary">
<doc>Waits until the element ``locator`` is visible.</doc>
<arguments>
<arg>///input[@id='Email']</arg>
</arguments>
<kw name="Capture Page Screenshot" library="SeleniumLibrary">
<doc>Takes a screenshot of the current page and embeds it into a log file.</doc>
<msg timestamp="20210106 15:19:31.184" level="INFO" html="yes">&lt;/td&gt;&lt;/tr&gt;&lt;tr&gt;&lt;td colspan="3"&gt;&lt;a href="selenium-screenshot-1.png"&gt;&lt;img src="selenium-screenshot-1.png" width="800px"&gt;&lt;/a&gt;</msg>
<status status="PASS" starttime="20210106 15:19:30.494" endtime="20210106 15:19:31.184"></status>
</kw>
<msg timestamp="20210106 15:19:31.454" level="FAIL">InvalidSelectorException: Message: invalid selector: Unable to locate an element with the xpath expression ///input[@id='Email'] because of the following error:
SyntaxError: Failed to execute 'evaluate' on 'Document': The string '///input[@id='Email']' is not a valid XPath expression.
  (Session info: chrome=87.0.4280.88)
  (Driver info: chromedriver=2.37.544315 (730aa6a5fdba159ac9f4c1e8cbc59bf1b5ce12b7),platform=Windows NT 6.1.7601 SP1 x86_64)
</msg>
<status status="FAIL" starttime="20210106 15:19:30.477" endtime="20210106 15:19:31.454"></status>
</kw>
<status status="FAIL" starttime="20210106 15:19:27.869" endtime="20210106 15:19:31.454"></status>
</kw>
<status status="FAIL" starttime="20210106 15:18:31.625" endtime="20210106 15:19:31.455" critical="yes">InvalidSelectorException: Message: invalid selector: Unable to locate an element with the xpath expression ///input[@id='Email'] because of the following error:
SyntaxError: Failed to execute 'evaluate' on 'Document': The string '///input[@id='Email']' is not a valid XPath expression.
  (Session info: chrome=87.0.4280.88)
  (Driver info: chromedriver=2.37.544315 (730aa6a5fdba159ac9f4c1e8cbc59bf1b5ce12b7),platform=Windows NT 6.1.7601 SP1 x86_64)
</status>
</test>
<doc>To login</doc>
<status status="FAIL" starttime="20210106 15:18:29.765" endtime="20210106 15:19:31.457"></status>
</suite>
<statistics>
<total>
<stat pass="0" fail="1">Critical Tests</stat>
<stat pass="0" fail="1">All Tests</stat>
</total>
<tag>
</tag>
<suite>
<stat pass="0" fail="1" id="s1" name="TC1">TC1</stat>
</suite>
</statistics>
<errors>
</errors>
</robot>
